2025-06-03 16:14:32,741 - process_manager - INFO - Starting the process manager...
2025-06-05 11:30:08,354 - process_manager - INFO - Starting the process manager...
2025-06-05 14:59:25,768 - process_manager - INFO - Starting the process manager...
2025-06-05 15:00:47,686 - process_manager - INFO - Starting the process manager...
2025-06-05 15:04:53,559 - process_manager - INFO - Starting the process manager...
2025-06-05 15:07:10,223 - process_manager - INFO - Starting the process manager...
2025-06-05 15:07:52,114 - process_manager - INFO - Starting the process manager...
2025-06-05 15:09:07,758 - process_manager - INFO - Starting the process manager...
2025-06-05 15:12:47,616 - process_manager - INFO - Starting the process manager...
2025-06-05 15:15:03,583 - process_manager - INFO - Starting the process manager...
2025-06-05 15:15:53,149 - process_manager - INFO - Starting the process manager...
2025-06-05 15:16:29,993 - process_manager - INFO - Starting the process manager...
2025-06-05 15:31:22,175 - process_manager - INFO - Starting the process manager...
2025-06-05 15:36:41,584 - process_manager - INFO - Starting the process manager...
2025-06-05 15:43:35,155 - process_manager - INFO - Starting the process manager...
2025-06-05 15:50:14,135 - process_manager - INFO - Starting the process manager...
2025-06-05 15:51:40,856 - process_manager - INFO - Starting the process manager...
2025-06-05 15:52:48,078 - process_manager - INFO - Starting the process manager...
2025-06-05 15:55:01,879 - process_manager - INFO - Starting the process manager...
2025-06-05 16:00:29,568 - process_manager - INFO - Starting the process manager...
2025-06-05 16:01:06,534 - process_manager - INFO - Starting the process manager...
2025-06-05 16:23:17,326 - process_manager - INFO - Starting the process manager...
2025-06-05 16:24:53,425 - process_manager - INFO - Starting the process manager...
2025-06-05 16:28:36,864 - process_manager - INFO - Starting the process manager...
2025-06-05 16:28:49,891 - process_manager - WARNING - initiating shutdown due to node failure
2025-06-05 16:28:49,930 - process_manager - CRITICAL - node ['C:\\Users\\yhling\\AppData\\Local\\anaconda3\\envs\\face_detection\\python.exe', '-m', 'process_manager.dummy_processes.d_two'] failed
2025-06-05 16:31:24,452 - process_manager - INFO - Starting the process manager...
2025-06-05 16:46:55,831 - process_manager - INFO - Starting the process manager...
2025-06-05 16:47:20,802 - process_manager - INFO - Starting the process manager...
2025-06-05 16:48:35,866 - process_manager - INFO - Starting the process manager...
2025-06-05 16:48:54,570 - process_manager - INFO - Starting the process manager...
2025-06-05 16:49:14,977 - process_manager - INFO - Starting the process manager...
2025-06-05 16:50:02,207 - process_manager - INFO - Starting the process manager...
2025-06-05 16:54:56,116 - process_manager - INFO - Starting the process manager...
2025-06-05 16:58:38,423 - process_manager - INFO - Starting the process manager...
2025-06-05 16:58:57,193 - process_manager - INFO - Starting the process manager...
2025-06-05 16:59:33,510 - process_manager - INFO - Starting the process manager...
2025-06-05 17:00:08,809 - process_manager - INFO - Starting the process manager...
2025-06-05 17:00:23,897 - process_manager - INFO - Starting the process manager...
2025-06-05 17:00:53,411 - process_manager - INFO - Starting the process manager...
2025-06-05 17:01:11,813 - process_manager - INFO - Starting the process manager...
2025-06-05 17:01:40,449 - process_manager - INFO - Starting the process manager...
2025-06-05 17:01:53,910 - process_manager - INFO - Starting the process manager...
2025-06-05 17:02:06,488 - process_manager - INFO - Starting the process manager...
2025-06-05 17:02:31,801 - process_manager - INFO - Starting the process manager...
2025-06-05 17:03:03,648 - process_manager - INFO - Starting the process manager...
2025-06-05 17:04:07,971 - process_manager - INFO - Starting the process manager...
2025-06-05 17:05:03,575 - process_manager - INFO - Starting the process manager...
2025-06-05 17:09:14,430 - process_manager - INFO - Starting the process manager...
2025-06-05 17:09:51,330 - process_manager - INFO - Starting the process manager...
2025-06-05 17:10:21,099 - process_manager - INFO - Starting the process manager...
2025-06-05 17:14:39,478 - process_manager - INFO - Starting the process manager...
2025-06-05 17:15:08,798 - process_manager - INFO - Starting the process manager...
2025-06-05 17:15:28,700 - process_manager - INFO - Starting the process manager...
2025-06-05 17:15:38,129 - process_manager - INFO - Starting the process manager...
2025-06-06 11:00:07,568 - process_manager - INFO - Starting the process manager...
2025-06-06 11:21:15,174 - process_manager - INFO - Starting the process manager...
2025-06-06 11:38:01,813 - process_manager - INFO - Starting the process manager...
2025-06-09 14:28:41,900 - process_manager - INFO - Starting the process manager...
2025-06-09 15:58:24,246 - process_manager - INFO - Starting the process manager...
2025-06-09 16:05:30,485 - process_manager - INFO - Starting the process manager...
2025-06-09 16:10:20,979 - process_manager - INFO - Starting the process manager...
2025-06-09 16:11:10,302 - process_manager - INFO - Starting the process manager...
2025-06-09 16:11:50,382 - process_manager - INFO - Starting the process manager...
2025-06-09 16:12:25,278 - process_manager - INFO - Starting the process manager...
2025-06-09 16:12:42,337 - process_manager - INFO - Starting the process manager...
2025-06-09 16:21:41,444 - process_manager - INFO - Starting the process manager...
2025-06-09 16:27:31,365 - process_manager - INFO - Starting the process manager...
2025-06-09 16:27:57,668 - process_manager - INFO - Starting the process manager...
2025-06-10 14:09:41,129 - process_manager - INFO - Starting the process manager...
2025-06-10 14:16:35,104 - process_manager - INFO - Starting the process manager...
2025-06-10 14:18:06,264 - process_manager - INFO - Starting the process manager...
2025-06-10 14:43:42,597 - process_manager - INFO - Starting the process manager...
2025-06-10 14:43:56,546 - process_manager - INFO - Starting the process manager...
2025-06-10 14:51:51,220 - process_manager - INFO - Starting the process manager...
2025-06-10 14:52:21,724 - process_manager - INFO - Starting the process manager...
2025-06-10 14:57:24,767 - process_manager - INFO - Starting the process manager...
2025-06-10 14:58:38,121 - process_manager - INFO - Starting the process manager...
2025-06-10 15:10:19,754 - process_manager - INFO - Starting the process manager...
2025-06-10 15:10:46,336 - process_manager - INFO - Starting the process manager...
2025-06-10 15:12:01,708 - process_manager - INFO - Starting the process manager...
2025-06-10 15:12:33,355 - process_manager - INFO - Starting the process manager...
2025-06-10 15:26:32,947 - process_manager - INFO - Starting the process manager...
2025-06-10 15:26:53,708 - process_manager - INFO - Starting the process manager...
2025-06-10 15:31:45,471 - process_manager - INFO - Starting the process manager...
2025-06-10 15:35:12,785 - process_manager - INFO - Starting the process manager...
2025-06-10 15:36:19,251 - process_manager - INFO - Starting the process manager...
2025-06-10 15:37:39,486 - process_manager - INFO - Starting the process manager...
2025-06-10 16:31:02,138 - process_manager - INFO - Starting the process manager...
2025-06-10 16:34:47,963 - process_manager - INFO - Starting the process manager...
2025-06-10 16:35:04,000 - process_manager - WARNING - initiating shutdown due to node failure
2025-06-10 16:35:04,041 - process_manager - CRITICAL - node ['C:\\Users\\yhling\\AppData\\Local\\anaconda3\\envs\\face_detection\\python.exe', '-u', '-m', 'process_manager.dummy_processes.d_one'] failed
2025-06-10 16:38:40,307 - process_manager - INFO - Starting the process manager...
2025-06-10 16:44:33,109 - process_manager - INFO - Starting the process manager...
2025-06-10 16:53:06,227 - process_manager - INFO - Starting the process manager...
2025-06-11 11:13:55,272 - process_manager - INFO - Starting the process manager...
2025-06-11 11:27:08,893 - process_manager - INFO - Starting the process manager...
2025-06-11 11:27:24,940 - process_manager - WARNING - Node process_manager.dummy_processes.d_one shutdown
2025-06-11 11:27:35,940 - process_manager - WARNING - Node process_manager.dummy_processes.d_two shutdown
2025-06-11 11:34:36,869 - process_manager - INFO - Starting the process manager...
2025-06-11 11:39:35,056 - process_manager - INFO - Starting the process manager...
2025-06-11 11:41:00,246 - process_manager - INFO - Starting the process manager...
2025-06-11 11:41:16,268 - process_manager - WARNING - Node process_manager.dummy_processes.d_one has failed
2025-06-11 11:50:20,712 - process_manager - INFO - Starting the process manager...
2025-06-11 11:50:36,749 - process_manager - WARNING - Node process_manager.dummy_processes.d_one has failed
2025-06-11 11:57:01,115 - process_manager - INFO - Starting the process manager...
2025-06-11 11:57:17,145 - process_manager - WARNING - hi
2025-06-11 11:57:17,145 - process_manager - WARNING - Node process_manager.dummy_processes.d_one has failed
2025-06-11 13:45:33,887 - process_manager - INFO - Starting the process manager...
2025-06-11 13:45:49,915 - process_manager - WARNING - Node process_manager.dummy_processes.d_one has failed
2025-06-11 13:45:50,916 - process_manager - WARNING - Node process_manager.dummy_processes.d_one has failed
2025-06-11 13:45:51,916 - process_manager - WARNING - Node process_manager.dummy_processes.d_one has failed
2025-06-11 13:45:52,918 - process_manager - WARNING - Node process_manager.dummy_processes.d_one has failed
2025-06-11 13:45:53,918 - process_manager - WARNING - Node process_manager.dummy_processes.d_one has failed
2025-06-11 13:45:54,919 - process_manager - WARNING - Node process_manager.dummy_processes.d_one has failed
2025-06-11 13:45:54,919 - process_manager - WARNING - Node process_manager.dummy_processes.d_two has failed
2025-06-11 13:45:55,920 - process_manager - WARNING - Node process_manager.dummy_processes.d_one has failed
2025-06-11 13:45:55,920 - process_manager - WARNING - Node process_manager.dummy_processes.d_two has failed
2025-06-11 13:45:56,920 - process_manager - WARNING - Node process_manager.dummy_processes.d_one has failed
2025-06-11 13:45:56,920 - process_manager - WARNING - Node process_manager.dummy_processes.d_two has failed
2025-06-11 13:45:57,921 - process_manager - WARNING - Node process_manager.dummy_processes.d_one has failed
2025-06-11 13:45:57,921 - process_manager - WARNING - Node process_manager.dummy_processes.d_two has failed
2025-06-11 13:45:58,923 - process_manager - WARNING - Node process_manager.dummy_processes.d_one has failed
2025-06-11 13:45:58,923 - process_manager - WARNING - Node process_manager.dummy_processes.d_two has failed
2025-06-11 13:45:59,924 - process_manager - WARNING - Node process_manager.dummy_processes.d_one has failed
2025-06-11 13:45:59,924 - process_manager - WARNING - Node process_manager.dummy_processes.d_two has failed
2025-06-11 13:46:00,925 - process_manager - WARNING - Node process_manager.dummy_processes.d_one has failed
2025-06-11 13:46:00,925 - process_manager - WARNING - Node process_manager.dummy_processes.d_two has failed
2025-06-11 13:46:01,927 - process_manager - WARNING - Node process_manager.dummy_processes.d_one has failed
2025-06-11 13:46:01,927 - process_manager - WARNING - Node process_manager.dummy_processes.d_two has failed
2025-06-11 13:46:02,928 - process_manager - WARNING - Node process_manager.dummy_processes.d_one has failed
2025-06-11 13:46:02,928 - process_manager - WARNING - Node process_manager.dummy_processes.d_two has failed
2025-06-11 13:46:03,929 - process_manager - WARNING - Node process_manager.dummy_processes.d_one has failed
2025-06-11 13:46:03,929 - process_manager - WARNING - Node process_manager.dummy_processes.d_two has failed
2025-06-11 13:46:04,930 - process_manager - WARNING - Node process_manager.dummy_processes.d_one has failed
2025-06-11 13:46:04,930 - process_manager - WARNING - Node process_manager.dummy_processes.d_two has failed
2025-06-11 13:46:05,932 - process_manager - WARNING - Node process_manager.dummy_processes.d_one has failed
2025-06-11 13:46:05,932 - process_manager - WARNING - Node process_manager.dummy_processes.d_two has failed
2025-06-11 13:46:06,933 - process_manager - WARNING - Node process_manager.dummy_processes.d_one has failed
2025-06-11 13:46:06,933 - process_manager - WARNING - Node process_manager.dummy_processes.d_two has failed
2025-06-11 13:46:07,933 - process_manager - WARNING - Node process_manager.dummy_processes.d_one has failed
2025-06-11 13:46:07,933 - process_manager - WARNING - Node process_manager.dummy_processes.d_two has failed
2025-06-11 14:10:44,343 - process_manager - INFO - Starting the process manager...
2025-06-11 14:11:43,626 - process_manager - INFO - Starting the process manager...
2025-06-11 14:11:52,644 - process_manager - WARNING - Node process_manager.dummy_processes.d_two has failed
2025-06-11 14:11:52,644 - process_manager - INFO - Relaunching node: process_manager.dummy_processes.d_two
2025-06-11 14:14:03,742 - process_manager - INFO - Starting the process manager...
2025-06-11 14:14:08,760 - process_manager - WARNING - Node process_manager.dummy_processes.d_two has failed
2025-06-11 14:14:08,761 - process_manager - INFO - Relaunching node: process_manager.dummy_processes.d_two
2025-06-11 14:20:01,610 - process_manager - INFO - Starting the process manager...
2025-06-11 14:20:14,633 - process_manager - WARNING - Node process_manager.dummy_processes.d_two has failed
2025-06-11 14:20:14,633 - process_manager - INFO - Relaunching node: process_manager.dummy_processes.d_two
2025-06-11 14:20:43,673 - process_manager - INFO - Starting the process manager...
2025-06-11 14:20:46,691 - process_manager - WARNING - Node process_manager.dummy_processes.d_two has failed
2025-06-11 14:20:46,691 - process_manager - INFO - Relaunching node: process_manager.dummy_processes.d_two
2025-06-11 14:28:01,380 - process_manager - INFO - Starting the process manager...
2025-06-11 14:28:02,411 - process_manager - WARNING - Node process_manager.dummy_processes.d_two has failed
2025-06-11 14:28:02,411 - process_manager - INFO - Relaunching node: process_manager.dummy_processes.d_two
2025-06-11 14:29:59,984 - process_manager - INFO - Starting the process manager...
2025-06-11 14:30:03,012 - process_manager - WARNING - Node process_manager.dummy_processes.d_two has failed
2025-06-11 14:30:03,012 - process_manager - INFO - Relaunching node: process_manager.dummy_processes.d_two
2025-06-11 14:30:19,830 - process_manager - INFO - Starting the process manager...
2025-06-11 14:30:22,859 - process_manager - WARNING - Node process_manager.dummy_processes.d_two has failed
2025-06-11 14:30:22,859 - process_manager - INFO - Relaunching node: process_manager.dummy_processes.d_two
2025-06-11 14:50:01,522 - process_manager - INFO - Starting the process manager...
2025-06-11 14:50:08,556 - process_manager - WARNING - Node process_manager.dummy_processes.d_two has failed
2025-06-11 14:50:08,556 - process_manager - INFO - Relaunching node: process_manager.dummy_processes.d_two
2025-06-11 14:50:17,566 - process_manager - WARNING - Node process_manager.dummy_processes.d_one has failed
2025-06-11 14:50:17,566 - process_manager - INFO - Relaunching node: process_manager.dummy_processes.d_one
2025-06-11 14:50:33,581 - process_manager - WARNING - Node process_manager.dummy_processes.d_one (1) has failed
2025-06-11 14:50:33,581 - process_manager - INFO - Relaunching node: process_manager.dummy_processes.d_one (1)
2025-06-11 14:50:49,595 - process_manager - WARNING - Node process_manager.dummy_processes.d_one (1) (1) has failed
2025-06-11 14:50:49,595 - process_manager - INFO - Relaunching node: process_manager.dummy_processes.d_one (1) (1)
2025-06-11 15:02:34,502 - process_manager - INFO - Starting the process manager...
2025-06-11 15:02:39,534 - process_manager - WARNING - Node process_manager.dummy_processes.d_two has failed
2025-06-11 15:02:39,535 - process_manager - INFO - Relaunching node: process_manager.dummy_processes.d_two
2025-06-11 15:02:50,546 - process_manager - WARNING - Node process_manager.dummy_processes.d_one has failed
2025-06-11 15:02:50,546 - process_manager - INFO - Relaunching node: process_manager.dummy_processes.d_one
2025-06-11 15:03:06,557 - process_manager - WARNING - Node process_manager.dummy_processes.d_one (1) has failed
2025-06-11 15:03:06,557 - process_manager - INFO - Relaunching node: process_manager.dummy_processes.d_one (1)
2025-06-11 15:03:14,569 - process_manager - WARNING - Node process_manager.dummy_processes.d_two (1) has failed
2025-06-11 15:03:14,569 - process_manager - INFO - Relaunching node: process_manager.dummy_processes.d_two (1)
2025-06-11 15:14:04,618 - process_manager - INFO - Starting the process manager...
2025-06-11 15:14:20,653 - process_manager - WARNING - Node process_manager.dummy_processes.d_one has failed
2025-06-11 15:14:20,653 - process_manager - INFO - Relaunching node: process_manager.dummy_processes.d_one
2025-06-11 15:15:44,172 - process_manager - INFO - Starting the process manager...
2025-06-11 15:15:47,201 - process_manager - WARNING - Node process_manager.dummy_processes.d_two has failed
2025-06-11 15:15:47,201 - process_manager - INFO - Relaunching node: process_manager.dummy_processes.d_two
2025-06-11 15:16:03,131 - process_manager - INFO - Starting the process manager...
2025-06-11 15:16:06,158 - process_manager - WARNING - Node process_manager.dummy_processes.d_two has failed
2025-06-11 15:16:06,158 - process_manager - INFO - Relaunching node: process_manager.dummy_processes.d_two
2025-06-11 15:16:19,172 - process_manager - WARNING - Node process_manager.dummy_processes.d_one has failed
2025-06-11 15:16:19,172 - process_manager - INFO - Relaunching node: process_manager.dummy_processes.d_one
2025-06-11 15:16:31,184 - process_manager - WARNING - Node process_manager.dummy_processes.d_two has failed
2025-06-11 15:16:31,184 - process_manager - INFO - Relaunching node: process_manager.dummy_processes.d_two
2025-06-11 15:16:35,198 - process_manager - WARNING - Node process_manager.dummy_processes.d_one has failed
2025-06-11 15:16:35,198 - process_manager - INFO - Relaunching node: process_manager.dummy_processes.d_one
2025-06-11 15:26:47,069 - process_manager - INFO - Starting the process manager...
2025-06-11 15:27:03,104 - process_manager - WARNING - Node process_manager.dummy_processes.d_one has failed
2025-06-11 15:27:03,104 - process_manager - INFO - Relaunching node: process_manager.dummy_processes.d_one
2025-06-11 15:27:04,110 - process_manager - WARNING - Node process_manager.dummy_processes.d_two has failed
2025-06-11 15:27:04,110 - process_manager - INFO - Relaunching node: process_manager.dummy_processes.d_two
2025-06-11 15:27:07,117 - process_manager - WARNING - Node process_manager.dummy_processes.d_two has failed
2025-06-11 15:27:07,117 - process_manager - INFO - Relaunching node: process_manager.dummy_processes.d_two
2025-06-11 15:38:49,357 - process_manager - INFO - Starting the process manager...
2025-06-11 15:40:57,637 - process_manager - INFO - Starting the process manager...
2025-06-11 15:46:51,280 - process_manager - INFO - Starting the process manager...
2025-06-11 15:47:09,790 - process_manager - INFO - Starting the process manager...
2025-06-11 15:48:06,739 - process_manager - INFO - Starting the process manager...
2025-06-11 15:48:22,775 - process_manager - WARNING - Node process_manager.dummy_processes.d_one has failed
2025-06-11 15:48:22,775 - process_manager - INFO - Relaunching node: process_manager.dummy_processes.d_one
2025-06-11 15:48:25,784 - process_manager - WARNING - Node process_manager.dummy_processes.d_two has failed
2025-06-11 15:48:25,784 - process_manager - INFO - Relaunching node: process_manager.dummy_processes.d_two
2025-06-11 15:48:47,067 - process_manager - INFO - Starting the process manager...
2025-06-11 15:49:03,101 - process_manager - WARNING - Node process_manager.dummy_processes.d_one has failed
2025-06-11 15:49:03,101 - process_manager - INFO - Relaunching node: process_manager.dummy_processes.d_one
2025-06-11 15:49:19,113 - process_manager - WARNING - Node process_manager.dummy_processes.d_one has failed
2025-06-11 15:49:19,113 - process_manager - INFO - Relaunching node: process_manager.dummy_processes.d_one
2025-06-11 15:53:09,067 - process_manager - INFO - Starting the process manager...
2025-06-11 15:53:25,098 - process_manager - WARNING - Node process_manager.dummy_processes.d_one has failed
2025-06-11 15:53:25,098 - process_manager - INFO - Relaunching node: process_manager.dummy_processes.d_one
2025-06-11 15:53:41,109 - process_manager - WARNING - Node process_manager.dummy_processes.d_one has failed
2025-06-11 15:53:41,109 - process_manager - INFO - Relaunching node: process_manager.dummy_processes.d_one
2025-06-11 15:54:28,524 - process_manager - INFO - Starting the process manager...
2025-06-11 15:54:44,548 - process_manager - WARNING - Node process_manager.dummy_processes.d_one has failed
2025-06-11 15:54:44,548 - process_manager - INFO - Relaunching node: process_manager.dummy_processes.d_one
2025-06-11 15:54:47,555 - process_manager - WARNING - Node process_manager.dummy_processes.d_two has failed
2025-06-11 15:54:47,555 - process_manager - INFO - Relaunching node: process_manager.dummy_processes.d_two
2025-06-11 15:55:00,568 - process_manager - WARNING - Node process_manager.dummy_processes.d_one has failed
2025-06-11 15:55:00,568 - process_manager - INFO - Relaunching node: process_manager.dummy_processes.d_one
2025-06-11 16:07:09,349 - process_manager - INFO - Starting the process manager...
2025-06-11 16:07:16,372 - process_manager - WARNING - Node process_manager.dummy_processes.d_two has failed
2025-06-11 16:07:16,372 - process_manager - INFO - Relaunching node: process_manager.dummy_processes.d_two
2025-06-11 16:07:25,380 - process_manager - WARNING - Node process_manager.dummy_processes.d_one has failed
2025-06-11 16:07:25,380 - process_manager - INFO - Relaunching node: process_manager.dummy_processes.d_one
2025-06-11 16:07:35,389 - process_manager - WARNING - Node process_manager.dummy_processes.d_two has failed
2025-06-11 16:07:35,389 - process_manager - INFO - Relaunching node: process_manager.dummy_processes.d_two
2025-06-11 16:07:40,405 - process_manager - WARNING - Node process_manager.dummy_processes.d_two has failed
2025-06-11 16:07:40,405 - process_manager - INFO - Relaunching node: process_manager.dummy_processes.d_two
2025-06-11 16:07:41,418 - process_manager - WARNING - Node process_manager.dummy_processes.d_one has failed
2025-06-11 16:07:41,418 - process_manager - INFO - Relaunching node: process_manager.dummy_processes.d_one
